<?xml version="1.0" encoding="UTF-8"?>
<!-- Generated by org.testng.reporters.JUnitReportReporter -->
<testsuite hostname="DESKTOP-58S81VR" failures="0" tests="2" name="Selemvn.MavenP2.S2Test" time="0.013" errors="0" timestamp="2022-08-03T20:56:58 IST" skipped="0">
  <testcase classname="Selemvn.MavenP2.S2Test" name="elementUi2" time="0.001"/>
  <system-out/>
  <testcase classname="Selemvn.MavenP2.S2Test" name="Browseratm2" time="0.012"/>
  <system-out/>
</testsuite> <!-- Selemvn.MavenP2.S2Test -->
