<?xml version="1.0" encoding="UTF-8"?>
<!-- Generated by org.testng.reporters.JUnitReportReporter -->
<testsuite hostname="DESKTOP-58S81VR" failures="0" tests="1" name="Selemvn.MavenP2.AppTest" time="0.015" errors="0" timestamp="2022-08-03T20:56:58 IST" skipped="0">
  <testcase classname="Selemvn.MavenP2.AppTest" name="shouldAnswerWithTrue" time="0.015"/>
  <system-out/>
</testsuite> <!-- Selemvn.MavenP2.AppTest -->
