<?xml version="1.0" encoding="UTF-8"?>
<!-- Generated by org.testng.reporters.JUnitReportReporter -->
<testsuite hostname="DESKTOP-58S81VR" failures="0" tests="2" name="Selemvn.MavenP2.STest" time="0.014" errors="0" timestamp="2022-08-03T21:26:32 IST" skipped="0">
  <testcase classname="Selemvn.MavenP2.STest" name="Browseratm" time="0.011"/>
  <system-out/>
  <testcase classname="Selemvn.MavenP2.STest" name="elementUi" time="0.003"/>
  <system-out/>
</testsuite> <!-- Selemvn.MavenP2.STest -->
